# JRE version: OpenJDK Runtime Environment Zulu17.34+19-CA (17.0.3+7) (build 17.0.3+7-LTS)
# Java VM: OpenJDK 64-Bit Server VM Zulu17.34+19-CA (17.0.3+7-LTS, mixed mode, sharing, tiered, compressed oops, compressed class ptrs, g1 gc, windows-amd64)
GC Precious Log:
 CPUs: 4 total, 4 available
 Memory: 8083M
 Large Page Support: Disabled
 NUMA Support: Disabled
 Compressed Oops: Enabled (32-bit)
 Heap Region Size: 1M
 Heap Min Capacity: 8M
 Heap Initial Capacity: 128M
 Heap Max Capacity: 2G
 Pre-touch: Disabled
 Parallel Workers: 4
 Concurrent Workers: 1
 Concurrent Refinement Workers: 4
 Periodic GC: Disabled
Heap:
 garbage-first heap   total 239616K, used 138422K [0x0000000080000000, 0x0000000100000000)
  region size 1024K, 3 young (3072K), 3 survivors (3072K)
 Metaspace       used 86517K, committed 87104K, reserved 1130496K
  class space    used 11805K, committed 12096K, reserved 1048576K
GC Heap History (20 events):
Event: 65.064 GC heap after
{Heap after GC invocations=38 (full 0):
 garbage-first heap   total 132096K, used 73725K [0x0000000080000000, 0x0000000100000000)
  region size 1024K, 4 young (4096K), 4 survivors (4096K)
 Metaspace       used 70022K, committed 70656K, reserved 1114112K
  class space    used 9575K, committed 9920K, reserved 1048576K
}
Event: 65.129 GC heap before
{Heap before GC invocations=38 (full 0):
 garbage-first heap   total 132096K, used 74749K [0x0000000080000000, 0x0000000100000000)
  region size 1024K, 6 young (6144K), 4 survivors (4096K)
 Metaspace       used 70033K, committed 70656K, reserved 1114112K
  class space    used 9575K, committed 9920K, reserved 1048576K
}
Event: 65.150 GC heap after
{Heap after GC invocations=39 (full 0):
 garbage-first heap   total 132096K, used 73941K [0x0000000080000000, 0x0000000100000000)
  region size 1024K, 1 young (1024K), 1 survivors (1024K)
 Metaspace       used 70033K, committed 70656K, reserved 1114112K
  class space    used 9575K, committed 9920K, reserved 1048576K
}
Event: 68.697 GC heap before
{Heap before GC invocations=39 (full 0):
 garbage-first heap   total 132096K, used 106709K [0x0000000080000000, 0x0000000100000000)
  region size 1024K, 34 young (34816K), 1 survivors (1024K)
 Metaspace       used 73686K, committed 74368K, reserved 1114112K
  class space    used 10023K, committed 10368K, reserved 1048576K
}
Event: 68.708 GC heap after
{Heap after GC invocations=40 (full 0):
 garbage-first heap   total 239616K, used 74897K [0x0000000080000000, 0x0000000100000000)
  region size 1024K, 2 young (2048K), 2 survivors (2048K)
 Metaspace       used 73686K, committed 74368K, reserved 1114112K
  class space    used 10023K, committed 10368K, reserved 1048576K
}
Event: 75.268 GC heap before
{Heap before GC invocations=41 (full 0):
 garbage-first heap   total 239616K, used 184465K [0x0000000080000000, 0x0000000100000000)
  region size 1024K, 106 young (108544K), 2 survivors (2048K)
 Metaspace       used 75909K, committed 76544K, reserved 1122304K
  class space    used 10304K, committed 10624K, reserved 1048576K
}
Event: 75.308 GC heap after
{Heap after GC invocations=42 (full 0):
 garbage-first heap   total 239616K, used 91501K [0x0000000080000000, 0x0000000100000000)
  region size 1024K, 14 young (14336K), 14 survivors (14336K)
 Metaspace       used 75909K, committed 76544K, reserved 1122304K
  class space    used 10304K, committed 10624K, reserved 1048576K
}
Event: 75.315 GC heap before
{Heap before GC invocations=42 (full 0):
 garbage-first heap   total 239616K, used 91501K [0x0000000080000000, 0x0000000100000000)
  region size 1024K, 15 young (15360K), 14 survivors (14336K)
 Metaspace       used 75909K, committed 76544K, reserved 1122304K
  class space    used 10304K, committed 10624K, reserved 1048576K
}
Event: 75.369 GC heap after
{Heap after GC invocations=43 (full 0):
 garbage-first heap   total 239616K, used 90229K [0x0000000080000000, 0x0000000100000000)
  region size 1024K, 2 young (2048K), 2 survivors (2048K)
 Metaspace       used 75909K, committed 76544K, reserved 1122304K
  class space    used 10304K, committed 10624K, reserved 1048576K
}
Event: 78.430 GC heap before
{Heap before GC invocations=43 (full 0):
 garbage-first heap   total 239616K, used 181365K [0x0000000080000000, 0x0000000100000000)
  region size 1024K, 92 young (94208K), 2 survivors (2048K)
 Metaspace       used 79564K, committed 80192K, reserved 1122304K
  class space    used 10826K, committed 11136K, reserved 1048576K
}
Event: 78.488 GC heap after
{Heap after GC invocations=44 (full 0):
 garbage-first heap   total 239616K, used 111519K [0x0000000080000000, 0x0000000100000000)
  region size 1024K, 12 young (12288K), 12 survivors (12288K)
 Metaspace       used 79564K, committed 80192K, reserved 1122304K
  class space    used 10826K, committed 11136K, reserved 1048576K
}
Event: 80.638 GC heap before
{Heap before GC invocations=44 (full 0):
 garbage-first heap   total 239616K, used 182175K [0x0000000080000000, 0x0000000100000000)
  region size 1024K, 82 young (83968K), 12 survivors (12288K)
 Metaspace       used 82466K, committed 83136K, reserved 1122304K
  class space    used 11317K, committed 11648K, reserved 1048576K
}
Event: 80.727 GC heap after
{Heap after GC invocations=45 (full 0):
 garbage-first heap   total 239616K, used 124831K [0x0000000080000000, 0x0000000100000000)
  region size 1024K, 11 young (11264K), 11 survivors (11264K)
 Metaspace       used 82466K, committed 83136K, reserved 1122304K
  class space    used 11317K, committed 11648K, reserved 1048576K
}
Event: 84.293 GC heap before
{Heap before GC invocations=45 (full 0):
 garbage-first heap   total 239616K, used 185247K [0x0000000080000000, 0x0000000100000000)
  region size 1024K, 71 young (72704K), 11 survivors (11264K)
 Metaspace       used 85070K, committed 85696K, reserved 1130496K
  class space    used 11699K, committed 12032K, reserved 1048576K
}
Event: 84.370 GC heap after
{Heap after GC invocations=46 (full 0):
 garbage-first heap   total 239616K, used 133535K [0x0000000080000000, 0x0000000100000000)
  region size 1024K, 8 young (8192K), 8 survivors (8192K)
 Metaspace       used 85070K, committed 85696K, reserved 1130496K
  class space    used 11699K, committed 12032K, reserved 1048576K
}
Event: 87.747 GC heap before
{Heap before GC invocations=47 (full 0):
 garbage-first heap   total 239616K, used 189855K [0x0000000080000000, 0x0000000100000000)
  region size 1024K, 63 young (64512K), 8 survivors (8192K)
 Metaspace       used 86275K, committed 86912K, reserved 1130496K
  class space    used 11801K, committed 12096K, reserved 1048576K
}
Event: 87.782 GC heap after
{Heap after GC invocations=48 (full 0):
 garbage-first heap   total 239616K, used 137008K [0x0000000080000000, 0x0000000100000000)
  region size 1024K, 4 young (4096K), 4 survivors (4096K)
 Metaspace       used 86275K, committed 86912K, reserved 1130496K
  class space    used 11801K, committed 12096K, reserved 1048576K
}
Event: 87.975 GC heap before
{Heap before GC invocations=48 (full 0):
 garbage-first heap   total 239616K, used 144176K [0x0000000080000000, 0x0000000100000000)
  region size 1024K, 11 young (11264K), 4 survivors (4096K)
 Metaspace       used 86295K, committed 86912K, reserved 1130496K
  class space    used 11801K, committed 12096K, reserved 1048576K
}
Event: 87.998 GC heap after
{Heap after GC invocations=49 (full 0):
 garbage-first heap   total 239616K, used 136215K [0x0000000080000000, 0x0000000100000000)
  region size 1024K, 1 young (1024K), 1 survivors (1024K)
 Metaspace       used 86295K, committed 86912K, reserved 1130496K
  class space    used 11801K, committed 12096K, reserved 1048576K
}
Event: 90.741 GC heap before
{Heap before GC invocations=49 (full 0):
 garbage-first heap   total 239616K, used 192535K [0x0000000080000000, 0x0000000100000000)
  region size 1024K, 57 young (58368K), 1 survivors (1024K)
 Metaspace       used 86517K, committed 87104K, reserved 1130496K
  class space    used 11805K, committed 12096K, reserved 1048576K
}

