# JRE version: OpenJDK Runtime Environment Zulu17.34+19-CA (17.0.3+7) (build 17.0.3+7-LTS)
# Java VM: OpenJDK 64-Bit Server VM Zulu17.34+19-CA (17.0.3+7-LTS, mixed mode, sharing, tiered, compressed oops, compressed class ptrs, g1 gc, windows-amd64)
GC Precious Log:
 CPUs: 4 total, 4 available
 Memory: 8083M
 Large Page Support: Disabled
 NUMA Support: Disabled
 Compressed Oops: Enabled (32-bit)
 Heap Region Size: 1M
 Heap Min Capacity: 8M
 Heap Initial Capacity: 128M
 Heap Max Capacity: 2G
 Pre-touch: Disabled
 Parallel Workers: 4
 Concurrent Workers: 1
 Concurrent Refinement Workers: 4
 Periodic GC: Disabled
Heap:
 garbage-first heap   total 194560K, used 67024K [0x0000000080000000, 0x0000000100000000)
  region size 1024K, 16 young (16384K), 2 survivors (2048K)
 Metaspace       used 57217K, committed 57728K, reserved 1105920K
  class space    used 7743K, committed 8000K, reserved 1048576K
GC Heap History (20 events):
Event: 23.778 GC heap before
{Heap before GC invocations=11 (full 0):
 garbage-first heap   total 78848K, used 63599K [0x0000000080000000, 0x0000000100000000)
  region size 1024K, 31 young (31744K), 4 survivors (4096K)
 Metaspace       used 39415K, committed 39872K, reserved 1089536K
  class space    used 5366K, committed 5632K, reserved 1048576K
}
Event: 23.795 GC heap after
{Heap after GC invocations=12 (full 0):
 garbage-first heap   total 78848K, used 43460K [0x0000000080000000, 0x0000000100000000)
  region size 1024K, 4 young (4096K), 4 survivors (4096K)
 Metaspace       used 39415K, committed 39872K, reserved 1089536K
  class space    used 5366K, committed 5632K, reserved 1048576K
}
Event: 24.435 GC heap before
{Heap before GC invocations=12 (full 0):
 garbage-first heap   total 78848K, used 57796K [0x0000000080000000, 0x0000000100000000)
  region size 1024K, 19 young (19456K), 4 survivors (4096K)
 Metaspace       used 41671K, committed 42176K, reserved 1089536K
  class space    used 5647K, committed 5888K, reserved 1048576K
}
Event: 24.442 GC heap after
{Heap after GC invocations=13 (full 0):
 garbage-first heap   total 78848K, used 44935K [0x0000000080000000, 0x0000000100000000)
  region size 1024K, 1 young (1024K), 1 survivors (1024K)
 Metaspace       used 41671K, committed 42176K, reserved 1089536K
  class space    used 5647K, committed 5888K, reserved 1048576K
}
Event: 25.372 GC heap before
{Heap before GC invocations=14 (full 0):
 garbage-first heap   total 83968K, used 61319K [0x0000000080000000, 0x0000000100000000)
  region size 1024K, 17 young (17408K), 1 survivors (1024K)
 Metaspace       used 44547K, committed 44992K, reserved 1089536K
  class space    used 6036K, committed 6272K, reserved 1048576K
}
Event: 25.379 GC heap after
{Heap after GC invocations=15 (full 0):
 garbage-first heap   total 83968K, used 45473K [0x0000000080000000, 0x0000000100000000)
  region size 1024K, 2 young (2048K), 2 survivors (2048K)
 Metaspace       used 44547K, committed 44992K, reserved 1089536K
  class space    used 6036K, committed 6272K, reserved 1048576K
}
Event: 26.326 GC heap before
{Heap before GC invocations=15 (full 0):
 garbage-first heap   total 83968K, used 65953K [0x0000000080000000, 0x0000000100000000)
  region size 1024K, 22 young (22528K), 2 survivors (2048K)
 Metaspace       used 48341K, committed 48896K, reserved 1097728K
  class space    used 6487K, committed 6784K, reserved 1048576K
}
Event: 26.333 GC heap after
{Heap after GC invocations=16 (full 0):
 garbage-first heap   total 83968K, used 46463K [0x0000000080000000, 0x0000000100000000)
  region size 1024K, 3 young (3072K), 3 survivors (3072K)
 Metaspace       used 48341K, committed 48896K, reserved 1097728K
  class space    used 6487K, committed 6784K, reserved 1048576K
}
Event: 27.291 GC heap before
{Heap before GC invocations=17 (full 0):
 garbage-first heap   total 83968K, used 65919K [0x0000000080000000, 0x0000000100000000)
  region size 1024K, 23 young (23552K), 3 survivors (3072K)
 Metaspace       used 50965K, committed 51456K, reserved 1097728K
  class space    used 6805K, committed 7040K, reserved 1048576K
}
Event: 27.306 GC heap after
{Heap after GC invocations=18 (full 0):
 garbage-first heap   total 83968K, used 48944K [0x0000000080000000, 0x0000000100000000)
  region size 1024K, 3 young (3072K), 3 survivors (3072K)
 Metaspace       used 50965K, committed 51456K, reserved 1097728K
  class space    used 6805K, committed 7040K, reserved 1048576K
}
Event: 27.344 GC heap before
{Heap before GC invocations=18 (full 0):
 garbage-first heap   total 83968K, used 49968K [0x0000000080000000, 0x0000000100000000)
  region size 1024K, 4 young (4096K), 3 survivors (3072K)
 Metaspace       used 51091K, committed 51584K, reserved 1097728K
  class space    used 6826K, committed 7104K, reserved 1048576K
}
Event: 27.353 GC heap after
{Heap after GC invocations=19 (full 0):
 garbage-first heap   total 83968K, used 49571K [0x0000000080000000, 0x0000000100000000)
  region size 1024K, 1 young (1024K), 1 survivors (1024K)
 Metaspace       used 51091K, committed 51584K, reserved 1097728K
  class space    used 6826K, committed 7104K, reserved 1048576K
}
Event: 28.002 GC heap before
{Heap before GC invocations=19 (full 0):
 garbage-first heap   total 83968K, used 66979K [0x0000000080000000, 0x0000000100000000)
  region size 1024K, 18 young (18432K), 1 survivors (1024K)
 Metaspace       used 52962K, committed 53504K, reserved 1097728K
  class space    used 7040K, committed 7296K, reserved 1048576K
}
Event: 28.008 GC heap after
{Heap after GC invocations=20 (full 0):
 garbage-first heap   total 83968K, used 50280K [0x0000000080000000, 0x0000000100000000)
  region size 1024K, 2 young (2048K), 2 survivors (2048K)
 Metaspace       used 52962K, committed 53504K, reserved 1097728K
  class space    used 7040K, committed 7296K, reserved 1048576K
}
Event: 28.943 GC heap before
{Heap before GC invocations=21 (full 0):
 garbage-first heap   total 89088K, used 68712K [0x0000000080000000, 0x0000000100000000)
  region size 1024K, 19 young (19456K), 2 survivors (2048K)
 Metaspace       used 53980K, committed 54464K, reserved 1097728K
  class space    used 7180K, committed 7424K, reserved 1048576K
}
Event: 28.952 GC heap after
{Heap after GC invocations=22 (full 0):
 garbage-first heap   total 89088K, used 52169K [0x0000000080000000, 0x0000000100000000)
  region size 1024K, 3 young (3072K), 3 survivors (3072K)
 Metaspace       used 53980K, committed 54464K, reserved 1097728K
  class space    used 7180K, committed 7424K, reserved 1048576K
}
Event: 28.966 GC heap before
{Heap before GC invocations=22 (full 0):
 garbage-first heap   total 89088K, used 53193K [0x0000000080000000, 0x0000000100000000)
  region size 1024K, 4 young (4096K), 3 survivors (3072K)
 Metaspace       used 53981K, committed 54464K, reserved 1097728K
  class space    used 7180K, committed 7424K, reserved 1048576K
}
Event: 28.976 GC heap after
{Heap after GC invocations=23 (full 0):
 garbage-first heap   total 89088K, used 52340K [0x0000000080000000, 0x0000000100000000)
  region size 1024K, 1 young (1024K), 1 survivors (1024K)
 Metaspace       used 53981K, committed 54464K, reserved 1097728K
  class space    used 7180K, committed 7424K, reserved 1048576K
}
Event: 29.497 GC heap before
{Heap before GC invocations=23 (full 0):
 garbage-first heap   total 89088K, used 71796K [0x0000000080000000, 0x0000000100000000)
  region size 1024K, 20 young (20480K), 1 survivors (1024K)
 Metaspace       used 55297K, committed 55808K, reserved 1097728K
  class space    used 7365K, committed 7616K, reserved 1048576K
}
Event: 29.505 GC heap after
{Heap after GC invocations=24 (full 0):
 garbage-first heap   total 196608K, used 53712K [0x0000000080000000, 0x0000000100000000)
  region size 1024K, 2 young (2048K), 2 survivors (2048K)
 Metaspace       used 55297K, committed 55808K, reserved 1097728K
  class space    used 7365K, committed 7616K, reserved 1048576K
}

