# JRE version: OpenJDK Runtime Environment Zulu17.34+19-CA (17.0.3+7) (build 17.0.3+7-LTS)
# Java VM: OpenJDK 64-Bit Server VM Zulu17.34+19-CA (17.0.3+7-LTS, mixed mode, sharing, tiered, compressed oops, compressed class ptrs, g1 gc, windows-amd64)
GC Precious Log:
 CPUs: 4 total, 4 available
 Memory: 8083M
 Large Page Support: Disabled
 NUMA Support: Disabled
 Compressed Oops: Enabled (32-bit)
 Heap Region Size: 1M
 Heap Min Capacity: 8M
 Heap Initial Capacity: 128M
 Heap Max Capacity: 2G
 Pre-touch: Disabled
 Parallel Workers: 4
 Concurrent Workers: 1
 Concurrent Refinement Workers: 4
 Periodic GC: Disabled
Heap:
 garbage-first heap   total 144384K, used 96093K [0x0000000080000000, 0x0000000100000000)
  region size 1024K, 4 young (4096K), 4 survivors (4096K)
 Metaspace       used 80183K, committed 80768K, reserved 1122304K
  class space    used 10725K, committed 11008K, reserved 1048576K
GC Heap History (20 events):
Event: 52.835 GC heap after
{Heap after GC invocations=35 (full 0):
 garbage-first heap   total 119808K, used 70705K [0x0000000080000000, 0x0000000100000000)
  region size 1024K, 3 young (3072K), 3 survivors (3072K)
 Metaspace       used 69354K, committed 70016K, reserved 1114112K
  class space    used 9535K, committed 9856K, reserved 1048576K
}
Event: 54.108 GC heap before
{Heap before GC invocations=35 (full 0):
 garbage-first heap   total 119808K, used 95281K [0x0000000080000000, 0x0000000100000000)
  region size 1024K, 28 young (28672K), 3 survivors (3072K)
 Metaspace       used 69541K, committed 70144K, reserved 1114112K
  class space    used 9539K, committed 9856K, reserved 1048576K
}
Event: 54.121 GC heap after
{Heap after GC invocations=36 (full 0):
 garbage-first heap   total 144384K, used 72005K [0x0000000080000000, 0x0000000100000000)
  region size 1024K, 4 young (4096K), 4 survivors (4096K)
 Metaspace       used 69541K, committed 70144K, reserved 1114112K
  class space    used 9539K, committed 9856K, reserved 1048576K
}
Event: 56.200 GC heap before
{Heap before GC invocations=37 (full 0):
 garbage-first heap   total 144384K, used 113989K [0x0000000080000000, 0x0000000100000000)
  region size 1024K, 46 young (47104K), 4 survivors (4096K)
 Metaspace       used 70246K, committed 70848K, reserved 1114112K
  class space    used 9595K, committed 9920K, reserved 1048576K
}
Event: 56.218 GC heap after
{Heap after GC invocations=38 (full 0):
 garbage-first heap   total 144384K, used 75429K [0x0000000080000000, 0x0000000100000000)
  region size 1024K, 5 young (5120K), 5 survivors (5120K)
 Metaspace       used 70246K, committed 70848K, reserved 1114112K
  class space    used 9595K, committed 9920K, reserved 1048576K
}
Event: 56.243 GC heap before
{Heap before GC invocations=38 (full 0):
 garbage-first heap   total 144384K, used 77477K [0x0000000080000000, 0x0000000100000000)
  region size 1024K, 7 young (7168K), 5 survivors (5120K)
 Metaspace       used 70246K, committed 70848K, reserved 1114112K
  class space    used 9595K, committed 9920K, reserved 1048576K
}
Event: 56.256 GC heap after
{Heap after GC invocations=39 (full 0):
 garbage-first heap   total 144384K, used 76326K [0x0000000080000000, 0x0000000100000000)
  region size 1024K, 1 young (1024K), 1 survivors (1024K)
 Metaspace       used 70246K, committed 70848K, reserved 1114112K
  class space    used 9595K, committed 9920K, reserved 1048576K
}
Event: 58.036 GC heap before
{Heap before GC invocations=39 (full 0):
 garbage-first heap   total 144384K, used 116262K [0x0000000080000000, 0x0000000100000000)
  region size 1024K, 41 young (41984K), 1 survivors (1024K)
 Metaspace       used 71772K, committed 72384K, reserved 1114112K
  class space    used 9764K, committed 10048K, reserved 1048576K
}
Event: 58.053 GC heap after
{Heap after GC invocations=40 (full 0):
 garbage-first heap   total 144384K, used 79157K [0x0000000080000000, 0x0000000100000000)
  region size 1024K, 4 young (4096K), 4 survivors (4096K)
 Metaspace       used 71772K, committed 72384K, reserved 1114112K
  class space    used 9764K, committed 10048K, reserved 1048576K
}
Event: 61.170 GC heap before
{Heap before GC invocations=41 (full 0):
 garbage-first heap   total 144384K, used 117045K [0x0000000080000000, 0x0000000100000000)
  region size 1024K, 42 young (43008K), 4 survivors (4096K)
 Metaspace       used 78583K, committed 79232K, reserved 1122304K
  class space    used 10619K, committed 10944K, reserved 1048576K
}
Event: 61.189 GC heap after
{Heap after GC invocations=42 (full 0):
 garbage-first heap   total 144384K, used 81730K [0x0000000080000000, 0x0000000100000000)
  region size 1024K, 3 young (3072K), 3 survivors (3072K)
 Metaspace       used 78583K, committed 79232K, reserved 1122304K
  class space    used 10619K, committed 10944K, reserved 1048576K
}
Event: 61.315 GC heap before
{Heap before GC invocations=42 (full 0):
 garbage-first heap   total 144384K, used 85826K [0x0000000080000000, 0x0000000100000000)
  region size 1024K, 7 young (7168K), 3 survivors (3072K)
 Metaspace       used 78591K, committed 79232K, reserved 1122304K
  class space    used 10620K, committed 10944K, reserved 1048576K
}
Event: 61.332 GC heap after
{Heap after GC invocations=43 (full 0):
 garbage-first heap   total 144384K, used 81869K [0x0000000080000000, 0x0000000100000000)
  region size 1024K, 1 young (1024K), 1 survivors (1024K)
 Metaspace       used 78591K, committed 79232K, reserved 1122304K
  class space    used 10620K, committed 10944K, reserved 1048576K
}
Event: 108.048 GC heap before
{Heap before GC invocations=43 (full 0):
 garbage-first heap   total 144384K, used 117709K [0x0000000080000000, 0x0000000100000000)
  region size 1024K, 37 young (37888K), 1 survivors (1024K)
 Metaspace       used 79168K, committed 79808K, reserved 1122304K
  class space    used 10692K, committed 11008K, reserved 1048576K
}
Event: 108.060 GC heap after
{Heap after GC invocations=44 (full 0):
 garbage-first heap   total 144384K, used 83625K [0x0000000080000000, 0x0000000100000000)
  region size 1024K, 3 young (3072K), 3 survivors (3072K)
 Metaspace       used 79168K, committed 79808K, reserved 1122304K
  class space    used 10692K, committed 11008K, reserved 1048576K
}
Event: 226.558 GC heap before
{Heap before GC invocations=45 (full 0):
 garbage-first heap   total 144384K, used 118441K [0x0000000080000000, 0x0000000100000000)
  region size 1024K, 38 young (38912K), 3 survivors (3072K)
 Metaspace       used 79912K, committed 80576K, reserved 1122304K
  class space    used 10707K, committed 11008K, reserved 1048576K
}
Event: 226.579 GC heap after
{Heap after GC invocations=46 (full 0):
 garbage-first heap   total 144384K, used 87943K [0x0000000080000000, 0x0000000100000000)
  region size 1024K, 5 young (5120K), 5 survivors (5120K)
 Metaspace       used 79912K, committed 80576K, reserved 1122304K
  class space    used 10707K, committed 11008K, reserved 1048576K
}
Event: 226.664 GC heap before
{Heap before GC invocations=46 (full 0):
 garbage-first heap   total 144384K, used 89991K [0x0000000080000000, 0x0000000100000000)
  region size 1024K, 7 young (7168K), 5 survivors (5120K)
 Metaspace       used 79929K, committed 80576K, reserved 1122304K
  class space    used 10707K, committed 11008K, reserved 1048576K
}
Event: 226.691 GC heap after
{Heap after GC invocations=47 (full 0):
 garbage-first heap   total 144384K, used 88569K [0x0000000080000000, 0x0000000100000000)
  region size 1024K, 1 young (1024K), 1 survivors (1024K)
 Metaspace       used 79929K, committed 80576K, reserved 1122304K
  class space    used 10707K, committed 11008K, reserved 1048576K
}
Event: 230.798 GC heap before
{Heap before GC invocations=47 (full 0):
 garbage-first heap   total 144384K, used 120313K [0x0000000080000000, 0x0000000100000000)
  region size 1024K, 31 young (31744K), 1 survivors (1024K)
 Metaspace       used 80183K, committed 80768K, reserved 1122304K
  class space    used 10725K, committed 11008K, reserved 1048576K
}

