# JRE version: OpenJDK Runtime Environment Zulu17.34+19-CA (17.0.3+7) (build 17.0.3+7-LTS)
# Java VM: OpenJDK 64-Bit Server VM Zulu17.34+19-CA (17.0.3+7-LTS, mixed mode, sharing, tiered, compressed oops, compressed class ptrs, g1 gc, windows-amd64)
GC Precious Log:
 CPUs: 4 total, 4 available
 Memory: 8083M
 Large Page Support: Disabled
 NUMA Support: Disabled
 Compressed Oops: Enabled (32-bit)
 Heap Region Size: 1M
 Heap Min Capacity: 8M
 Heap Initial Capacity: 128M
 Heap Max Capacity: 2G
 Pre-touch: Disabled
 Parallel Workers: 4
 Concurrent Workers: 1
 Concurrent Refinement Workers: 4
 Periodic GC: Disabled
Heap:
 garbage-first heap   total 131072K, used 56755K [0x0000000080000000, 0x0000000100000000)
  region size 1024K, 3 young (3072K), 3 survivors (3072K)
 Metaspace       used 60508K, committed 60992K, reserved 1105920K
  class space    used 8220K, committed 8448K, reserved 1048576K
GC Heap History (20 events):
Event: 23.426 GC heap after
{Heap after GC invocations=13 (full 0):
 garbage-first heap   total 78848K, used 43481K [0x0000000080000000, 0x0000000100000000)
  region size 1024K, 5 young (5120K), 5 survivors (5120K)
 Metaspace       used 40118K, committed 40640K, reserved 1089536K
  class space    used 5447K, committed 5696K, reserved 1048576K
}
Event: 24.323 GC heap before
{Heap before GC invocations=13 (full 0):
 garbage-first heap   total 78848K, used 59865K [0x0000000080000000, 0x0000000100000000)
  region size 1024K, 22 young (22528K), 5 survivors (5120K)
 Metaspace       used 42831K, committed 43328K, reserved 1089536K
  class space    used 5777K, committed 6016K, reserved 1048576K
}
Event: 24.330 GC heap after
{Heap after GC invocations=14 (full 0):
 garbage-first heap   total 78848K, used 44891K [0x0000000080000000, 0x0000000100000000)
  region size 1024K, 1 young (1024K), 1 survivors (1024K)
 Metaspace       used 42831K, committed 43328K, reserved 1089536K
  class space    used 5777K, committed 6016K, reserved 1048576K
}
Event: 25.753 GC heap before
{Heap before GC invocations=15 (full 0):
 garbage-first heap   total 80896K, used 62299K [0x0000000080000000, 0x0000000100000000)
  region size 1024K, 18 young (18432K), 1 survivors (1024K)
 Metaspace       used 46146K, committed 46592K, reserved 1089536K
  class space    used 6177K, committed 6400K, reserved 1048576K
}
Event: 25.758 GC heap after
{Heap after GC invocations=16 (full 0):
 garbage-first heap   total 80896K, used 45276K [0x0000000080000000, 0x0000000100000000)
  region size 1024K, 2 young (2048K), 2 survivors (2048K)
 Metaspace       used 46146K, committed 46592K, reserved 1089536K
  class space    used 6177K, committed 6400K, reserved 1048576K
}
Event: 26.986 GC heap before
{Heap before GC invocations=16 (full 0):
 garbage-first heap   total 80896K, used 63708K [0x0000000080000000, 0x0000000100000000)
  region size 1024K, 20 young (20480K), 2 survivors (2048K)
 Metaspace       used 49040K, committed 49472K, reserved 1097728K
  class space    used 6580K, committed 6784K, reserved 1048576K
}
Event: 27.002 GC heap after
{Heap after GC invocations=17 (full 0):
 garbage-first heap   total 80896K, used 46781K [0x0000000080000000, 0x0000000100000000)
  region size 1024K, 3 young (3072K), 3 survivors (3072K)
 Metaspace       used 49040K, committed 49472K, reserved 1097728K
  class space    used 6580K, committed 6784K, reserved 1048576K
}
Event: 28.129 GC heap before
{Heap before GC invocations=18 (full 0):
 garbage-first heap   total 81920K, used 64189K [0x0000000080000000, 0x0000000100000000)
  region size 1024K, 21 young (21504K), 3 survivors (3072K)
 Metaspace       used 51521K, committed 52032K, reserved 1097728K
  class space    used 6869K, committed 7104K, reserved 1048576K
}
Event: 28.142 GC heap after
{Heap after GC invocations=19 (full 0):
 garbage-first heap   total 81920K, used 48923K [0x0000000080000000, 0x0000000100000000)
  region size 1024K, 3 young (3072K), 3 survivors (3072K)
 Metaspace       used 51521K, committed 52032K, reserved 1097728K
  class space    used 6869K, committed 7104K, reserved 1048576K
}
Event: 28.874 GC heap before
{Heap before GC invocations=19 (full 0):
 garbage-first heap   total 81920K, used 64283K [0x0000000080000000, 0x0000000100000000)
  region size 1024K, 20 young (20480K), 3 survivors (3072K)
 Metaspace       used 53168K, committed 53632K, reserved 1097728K
  class space    used 7044K, committed 7296K, reserved 1048576K
}
Event: 28.882 GC heap after
{Heap after GC invocations=20 (full 0):
 garbage-first heap   total 81920K, used 50480K [0x0000000080000000, 0x0000000100000000)
  region size 1024K, 2 young (2048K), 2 survivors (2048K)
 Metaspace       used 53168K, committed 53632K, reserved 1097728K
  class space    used 7044K, committed 7296K, reserved 1048576K
}
Event: 29.721 GC heap before
{Heap before GC invocations=21 (full 0):
 garbage-first heap   total 92160K, used 66864K [0x0000000080000000, 0x0000000100000000)
  region size 1024K, 17 young (17408K), 2 survivors (2048K)
 Metaspace       used 53966K, committed 54464K, reserved 1097728K
  class space    used 7171K, committed 7424K, reserved 1048576K
}
Event: 29.731 GC heap after
{Heap after GC invocations=22 (full 0):
 garbage-first heap   total 92160K, used 51693K [0x0000000080000000, 0x0000000100000000)
  region size 1024K, 3 young (3072K), 3 survivors (3072K)
 Metaspace       used 53966K, committed 54464K, reserved 1097728K
  class space    used 7171K, committed 7424K, reserved 1048576K
}
Event: 29.749 GC heap before
{Heap before GC invocations=22 (full 0):
 garbage-first heap   total 92160K, used 52717K [0x0000000080000000, 0x0000000100000000)
  region size 1024K, 4 young (4096K), 3 survivors (3072K)
 Metaspace       used 53968K, committed 54464K, reserved 1097728K
  class space    used 7172K, committed 7424K, reserved 1048576K
}
Event: 29.757 GC heap after
{Heap after GC invocations=23 (full 0):
 garbage-first heap   total 92160K, used 52043K [0x0000000080000000, 0x0000000100000000)
  region size 1024K, 1 young (1024K), 1 survivors (1024K)
 Metaspace       used 53968K, committed 54464K, reserved 1097728K
  class space    used 7172K, committed 7424K, reserved 1048576K
}
Event: 30.707 GC heap before
{Heap before GC invocations=23 (full 0):
 garbage-first heap   total 92160K, used 74571K [0x0000000080000000, 0x0000000100000000)
  region size 1024K, 23 young (23552K), 1 survivors (1024K)
 Metaspace       used 55492K, committed 56000K, reserved 1097728K
  class space    used 7387K, committed 7616K, reserved 1048576K
}
Event: 30.716 GC heap after
{Heap after GC invocations=24 (full 0):
 garbage-first heap   total 92160K, used 53917K [0x0000000080000000, 0x0000000100000000)
  region size 1024K, 3 young (3072K), 3 survivors (3072K)
 Metaspace       used 55492K, committed 56000K, reserved 1097728K
  class space    used 7387K, committed 7616K, reserved 1048576K
}
Event: 31.822 GC heap before
{Heap before GC invocations=25 (full 0):
 garbage-first heap   total 96256K, used 73373K [0x0000000080000000, 0x0000000100000000)
  region size 1024K, 22 young (22528K), 3 survivors (3072K)
 Metaspace       used 58395K, committed 58880K, reserved 1105920K
  class space    used 7920K, committed 8192K, reserved 1048576K
}
Event: 31.832 GC heap after
{Heap after GC invocations=26 (full 0):
 garbage-first heap   total 96256K, used 55045K [0x0000000080000000, 0x0000000100000000)
  region size 1024K, 2 young (2048K), 2 survivors (2048K)
 Metaspace       used 58395K, committed 58880K, reserved 1105920K
  class space    used 7920K, committed 8192K, reserved 1048576K
}
Event: 32.900 GC heap before
{Heap before GC invocations=26 (full 0):
 garbage-first heap   total 96256K, used 77573K [0x0000000080000000, 0x0000000100000000)
  region size 1024K, 24 young (24576K), 2 survivors (2048K)
 Metaspace       used 60508K, committed 60992K, reserved 1105920K
  class space    used 8220K, committed 8448K, reserved 1048576K
}

