# JRE version: OpenJDK Runtime Environment Zulu17.34+19-CA (17.0.3+7) (build 17.0.3+7-LTS)
# Java VM: OpenJDK 64-Bit Server VM Zulu17.34+19-CA (17.0.3+7-LTS, mixed mode, sharing, tiered, compressed oops, compressed class ptrs, g1 gc, windows-amd64)
GC Precious Log:
 CPUs: 4 total, 4 available
 Memory: 8083M
 Large Page Support: Disabled
 NUMA Support: Disabled
 Compressed Oops: Enabled (32-bit)
 Heap Region Size: 1M
 Heap Min Capacity: 8M
 Heap Initial Capacity: 128M
 Heap Max Capacity: 2G
 Pre-touch: Disabled
 Parallel Workers: 4
 Concurrent Workers: 1
 Concurrent Refinement Workers: 4
 Periodic GC: Disabled
Heap:
 garbage-first heap   total 131072K, used 28026K [0x0000000080000000, 0x0000000100000000)
  region size 1024K, 19 young (19456K), 10 survivors (10240K)
 Metaspace       used 18622K, committed 18880K, reserved 1064960K
  class space    used 2743K, committed 2880K, reserved 1048576K
GC Heap History (8 events):
Event: 1.318 GC heap before
{Heap before GC invocations=0 (full 0):
 garbage-first heap   total 131072K, used 15360K [0x0000000080000000, 0x0000000100000000)
  region size 1024K, 13 young (13312K), 0 survivors (0K)
 Metaspace       used 970K, committed 1088K, reserved 1056768K
  class space    used 75K, committed 128K, reserved 1048576K
}
Event: 1.325 GC heap after
{Heap after GC invocations=1 (full 0):
 garbage-first heap   total 131072K, used 4428K [0x0000000080000000, 0x0000000100000000)
  region size 1024K, 2 young (2048K), 2 survivors (2048K)
 Metaspace       used 970K, committed 1088K, reserved 1056768K
  class space    used 75K, committed 128K, reserved 1048576K
}
Event: 2.607 GC heap before
{Heap before GC invocations=1 (full 0):
 garbage-first heap   total 131072K, used 20812K [0x0000000080000000, 0x0000000100000000)
  region size 1024K, 16 young (16384K), 2 survivors (2048K)
 Metaspace       used 3831K, committed 4032K, reserved 1056768K
  class space    used 476K, committed 576K, reserved 1048576K
}
Event: 2.616 GC heap after
{Heap after GC invocations=2 (full 0):
 garbage-first heap   total 131072K, used 9824K [0x0000000080000000, 0x0000000100000000)
  region size 1024K, 2 young (2048K), 2 survivors (2048K)
 Metaspace       used 3831K, committed 4032K, reserved 1056768K
  class space    used 476K, committed 576K, reserved 1048576K
}
Event: 3.564 GC heap before
{Heap before GC invocations=2 (full 0):
 garbage-first heap   total 131072K, used 30304K [0x0000000080000000, 0x0000000100000000)
  region size 1024K, 22 young (22528K), 2 survivors (2048K)
 Metaspace       used 3945K, committed 4096K, reserved 1056768K
  class space    used 477K, committed 576K, reserved 1048576K
}
Event: 3.571 GC heap after
{Heap after GC invocations=3 (full 0):
 garbage-first heap   total 131072K, used 13272K [0x0000000080000000, 0x0000000100000000)
  region size 1024K, 3 young (3072K), 3 survivors (3072K)
 Metaspace       used 3945K, committed 4096K, reserved 1056768K
  class space    used 477K, committed 576K, reserved 1048576K
}
Event: 10.213 GC heap before
{Heap before GC invocations=3 (full 0):
 garbage-first heap   total 131072K, used 88024K [0x0000000080000000, 0x0000000100000000)
  region size 1024K, 76 young (77824K), 3 survivors (3072K)
 Metaspace       used 17590K, committed 17856K, reserved 1064960K
  class space    used 2578K, committed 2688K, reserved 1048576K
}
Event: 10.233 GC heap after
{Heap after GC invocations=4 (full 0):
 garbage-first heap   total 131072K, used 19834K [0x0000000080000000, 0x0000000100000000)
  region size 1024K, 10 young (10240K), 10 survivors (10240K)
 Metaspace       used 17590K, committed 17856K, reserved 1064960K
  class space    used 2578K, committed 2688K, reserved 1048576K
}

