# JRE version: OpenJDK Runtime Environment Zulu17.34+19-CA (17.0.3+7) (build 17.0.3+7-LTS)
# Java VM: OpenJDK 64-Bit Server VM Zulu17.34+19-CA (17.0.3+7-LTS, mixed mode, sharing, tiered, compressed oops, compressed class ptrs, g1 gc, windows-amd64)
GC Precious Log:
 CPUs: 4 total, 4 available
 Memory: 8083M
 Large Page Support: Disabled
 NUMA Support: Disabled
 Compressed Oops: Enabled (32-bit)
 Heap Region Size: 1M
 Heap Min Capacity: 8M
 Heap Initial Capacity: 128M
 Heap Max Capacity: 2G
 Pre-touch: Disabled
 Parallel Workers: 4
 Concurrent Workers: 1
 Concurrent Refinement Workers: 4
 Periodic GC: Disabled
Heap:
 garbage-first heap   total 281600K, used 155484K [0x0000000080000000, 0x0000000100000000)
  region size 1024K, 7 young (7168K), 7 survivors (7168K)
 Metaspace       used 101405K, committed 102144K, reserved 1138688K
  class space    used 13305K, committed 13696K, reserved 1048576K
GC Heap History (20 events):
Event: 545.503 GC heap after
{Heap after GC invocations=60 (full 0):
 garbage-first heap   total 274432K, used 94247K [0x0000000080000000, 0x0000000100000000)
  region size 1024K, 2 young (2048K), 2 survivors (2048K)
 Metaspace       used 88783K, committed 89472K, reserved 1130496K
  class space    used 11523K, committed 11904K, reserved 1048576K
}
Event: 549.143 GC heap before
{Heap before GC invocations=60 (full 0):
 garbage-first heap   total 274432K, used 224295K [0x0000000080000000, 0x0000000100000000)
  region size 1024K, 130 young (133120K), 2 survivors (2048K)
 Metaspace       used 88792K, committed 89536K, reserved 1130496K
  class space    used 11523K, committed 11904K, reserved 1048576K
}
Event: 549.153 GC heap after
{Heap after GC invocations=61 (full 0):
 garbage-first heap   total 274432K, used 91865K [0x0000000080000000, 0x0000000100000000)
  region size 1024K, 2 young (2048K), 2 survivors (2048K)
 Metaspace       used 88792K, committed 89536K, reserved 1130496K
  class space    used 11523K, committed 11904K, reserved 1048576K
}
Event: 550.302 GC heap before
{Heap before GC invocations=61 (full 0):
 garbage-first heap   total 274432K, used 150233K [0x0000000080000000, 0x0000000100000000)
  region size 1024K, 61 young (62464K), 2 survivors (2048K)
 Metaspace       used 88905K, committed 89600K, reserved 1130496K
  class space    used 11541K, committed 11904K, reserved 1048576K
}
Event: 550.310 GC heap after
{Heap after GC invocations=62 (full 0):
 garbage-first heap   total 274432K, used 92198K [0x0000000080000000, 0x0000000100000000)
  region size 1024K, 2 young (2048K), 2 survivors (2048K)
 Metaspace       used 88905K, committed 89600K, reserved 1130496K
  class space    used 11541K, committed 11904K, reserved 1048576K
}
Event: 552.239 GC heap before
{Heap before GC invocations=63 (full 0):
 garbage-first heap   total 274432K, used 234534K [0x0000000080000000, 0x0000000100000000)
  region size 1024K, 140 young (143360K), 2 survivors (2048K)
 Metaspace       used 92260K, committed 93056K, reserved 1130496K
  class space    used 12019K, committed 12416K, reserved 1048576K
}
Event: 552.265 GC heap after
{Heap after GC invocations=64 (full 0):
 garbage-first heap   total 274432K, used 107309K [0x0000000080000000, 0x0000000100000000)
  region size 1024K, 15 young (15360K), 15 survivors (15360K)
 Metaspace       used 92260K, committed 93056K, reserved 1130496K
  class space    used 12019K, committed 12416K, reserved 1048576K
}
Event: 552.271 GC heap before
{Heap before GC invocations=64 (full 0):
 garbage-first heap   total 274432K, used 108333K [0x0000000080000000, 0x0000000100000000)
  region size 1024K, 16 young (16384K), 15 survivors (15360K)
 Metaspace       used 92261K, committed 93056K, reserved 1130496K
  class space    used 12019K, committed 12416K, reserved 1048576K
}
Event: 552.295 GC heap after
{Heap after GC invocations=65 (full 0):
 garbage-first heap   total 274432K, used 102308K [0x0000000080000000, 0x0000000100000000)
  region size 1024K, 2 young (2048K), 2 survivors (2048K)
 Metaspace       used 92261K, committed 93056K, reserved 1130496K
  class space    used 12019K, committed 12416K, reserved 1048576K
}
Event: 555.029 GC heap before
{Heap before GC invocations=65 (full 0):
 garbage-first heap   total 274432K, used 224164K [0x0000000080000000, 0x0000000100000000)
  region size 1024K, 122 young (124928K), 2 survivors (2048K)
 Metaspace       used 95142K, committed 95872K, reserved 1138688K
  class space    used 12420K, committed 12800K, reserved 1048576K
}
Event: 555.123 GC heap after
{Heap after GC invocations=66 (full 0):
 garbage-first heap   total 274432K, used 129279K [0x0000000080000000, 0x0000000100000000)
  region size 1024K, 16 young (16384K), 16 survivors (16384K)
 Metaspace       used 95142K, committed 95872K, reserved 1138688K
  class space    used 12420K, committed 12800K, reserved 1048576K
}
Event: 558.747 GC heap before
{Heap before GC invocations=66 (full 0):
 garbage-first heap   total 274432K, used 215295K [0x0000000080000000, 0x0000000100000000)
  region size 1024K, 100 young (102400K), 16 survivors (16384K)
 Metaspace       used 99906K, committed 100608K, reserved 1138688K
  class space    used 13177K, committed 13568K, reserved 1048576K
}
Event: 558.832 GC heap after
{Heap after GC invocations=67 (full 0):
 garbage-first heap   total 274432K, used 138685K [0x0000000080000000, 0x0000000100000000)
  region size 1024K, 11 young (11264K), 11 survivors (11264K)
 Metaspace       used 99906K, committed 100608K, reserved 1138688K
  class space    used 13177K, committed 13568K, reserved 1048576K
}
Event: 561.524 GC heap before
{Heap before GC invocations=67 (full 0):
 garbage-first heap   total 274432K, used 216509K [0x0000000080000000, 0x0000000100000000)
  region size 1024K, 88 young (90112K), 11 survivors (11264K)
 Metaspace       used 101209K, committed 101952K, reserved 1138688K
  class space    used 13295K, committed 13696K, reserved 1048576K
}
Event: 561.596 GC heap after
{Heap after GC invocations=68 (full 0):
 garbage-first heap   total 274432K, used 144895K [0x0000000080000000, 0x0000000100000000)
  region size 1024K, 6 young (6144K), 6 survivors (6144K)
 Metaspace       used 101209K, committed 101952K, reserved 1138688K
  class space    used 13295K, committed 13696K, reserved 1048576K
}
Event: 563.759 GC heap before
{Heap before GC invocations=69 (full 0):
 garbage-first heap   total 281600K, used 220671K [0x0000000080000000, 0x0000000100000000)
  region size 1024K, 81 young (82944K), 6 survivors (6144K)
 Metaspace       used 101344K, committed 102080K, reserved 1138688K
  class space    used 13305K, committed 13696K, reserved 1048576K
}
Event: 563.799 GC heap after
{Heap after GC invocations=70 (full 0):
 garbage-first heap   total 281600K, used 153599K [0x0000000080000000, 0x0000000100000000)
  region size 1024K, 11 young (11264K), 11 survivors (11264K)
 Metaspace       used 101344K, committed 102080K, reserved 1138688K
  class space    used 13305K, committed 13696K, reserved 1048576K
}
Event: 563.837 GC heap before
{Heap before GC invocations=70 (full 0):
 garbage-first heap   total 281600K, used 155647K [0x0000000080000000, 0x0000000100000000)
  region size 1024K, 13 young (13312K), 11 survivors (11264K)
 Metaspace       used 101349K, committed 102080K, reserved 1138688K
  class space    used 13305K, committed 13696K, reserved 1048576K
}
Event: 563.873 GC heap after
{Heap after GC invocations=71 (full 0):
 garbage-first heap   total 281600K, used 150689K [0x0000000080000000, 0x0000000100000000)
  region size 1024K, 2 young (2048K), 2 survivors (2048K)
 Metaspace       used 101349K, committed 102080K, reserved 1138688K
  class space    used 13305K, committed 13696K, reserved 1048576K
}
Event: 565.087 GC heap before
{Heap before GC invocations=71 (full 0):
 garbage-first heap   total 281600K, used 226465K [0x0000000080000000, 0x0000000100000000)
  region size 1024K, 76 young (77824K), 2 survivors (2048K)
 Metaspace       used 101405K, committed 102144K, reserved 1138688K
  class space    used 13305K, committed 13696K, reserved 1048576K
}

